c:\users\ocjla\source\repos\raster_c++\raster_c++\x64\debug\vc143.pdb
c:\users\ocjla\source\repos\raster_c++\raster_c++\x64\debug\vc143.idb
c:\users\ocjla\source\repos\raster_c++\raster_c++\x64\debug\winentry.obj
c:\users\ocjla\source\repos\raster_c++\raster_c++\x64\debug\windowmanager.obj
c:\users\ocjla\source\repos\raster_c++\raster_c++\x64\debug\renderer.obj
c:\users\ocjla\source\repos\raster_c++\raster_c++\x64\debug\game.obj
c:\users\ocjla\source\repos\raster_c++\raster_c++\x64\debug\raster_c++.vcxproj.cppwinrt_comp.cache
c:\users\ocjla\source\repos\raster_c++\raster_c++\x64\debug\raster_c++.vcxproj.cppwinrt_plat.cache
c:\users\ocjla\source\repos\raster_c++\raster_c++\x64\debug\raster_c++.vcxproj.mdmergeinputs.cache
c:\users\ocjla\source\repos\raster_c++\raster_c++\x64\debug\raster_c++.vcxproj.cppwinrt_comp.rsp
c:\users\ocjla\source\repos\raster_c++\raster_c++\x64\debug\raster_c++.vcxproj.cppwinrt_plat.rsp
c:\users\ocjla\source\repos\raster_c++\raster_c++\x64\debug\raster_c++.vcxproj.mdmerge.rsp
c:\users\ocjla\source\repos\raster_c++\raster_c++\x64\debug\raster_c++.vcxproj.midlrt.rsp
c:\users\ocjla\source\repos\raster_c++\x64\debug\raster_c++.pdb
c:\users\ocjla\source\repos\raster_c++\raster_c++\x64\debug\raster_c++.tlog\cl.command.1.tlog
c:\users\ocjla\source\repos\raster_c++\raster_c++\x64\debug\raster_c++.tlog\cl.read.1.tlog
c:\users\ocjla\source\repos\raster_c++\raster_c++\x64\debug\raster_c++.tlog\cl.write.1.tlog
c:\users\ocjla\source\repos\raster_c++\raster_c++\x64\debug\raster_c++.tlog\link-cvtres.read.1.tlog
c:\users\ocjla\source\repos\raster_c++\raster_c++\x64\debug\raster_c++.tlog\link-cvtres.write.1.tlog
c:\users\ocjla\source\repos\raster_c++\raster_c++\x64\debug\raster_c++.tlog\link-rc.read.1.tlog
c:\users\ocjla\source\repos\raster_c++\raster_c++\x64\debug\raster_c++.tlog\link-rc.write.1.tlog
c:\users\ocjla\source\repos\raster_c++\raster_c++\x64\debug\raster_c++.tlog\link.command.1.tlog
c:\users\ocjla\source\repos\raster_c++\raster_c++\x64\debug\raster_c++.tlog\link.read.1.tlog
c:\users\ocjla\source\repos\raster_c++\raster_c++\x64\debug\raster_c++.tlog\link.read.2.tlog
c:\users\ocjla\source\repos\raster_c++\raster_c++\x64\debug\raster_c++.tlog\link.write.1.tlog
